Design Assistant report for PHYctrl_Slave
Wed Jul 05 16:06:44 2017
Quartus Prime Version 16.0.0 Build 211 04/27/2016 SJ Standard Edition


---------------------
; Table of Contents ;
---------------------
  1. Legal Notice
  2. Design Assistant Summary
  3. Design Assistant Messages



----------------
; Legal Notice ;
----------------
Copyright (C) 1991-2016 Altera Corporation. All rights reserved.
Your use of Altera Corporation's design tools, logic functions 
and other software and tools, and its AMPP partner logic 
functions, and any output files from any of the foregoing 
(including device programming or simulation files), and any 
associated documentation or information are expressly subject 
to the terms and conditions of the Altera Program License 
Subscription Agreement, the Altera Quartus Prime License Agreement,
the Altera MegaCore Function License Agreement, or other 
applicable license agreement, including, without limitation, 
that your use is for the sole purpose of programming logic 
devices manufactured by Altera and sold by Altera or its 
authorized distributors.  Please refer to the applicable 
agreement for further details.



+-----------------------------------------------------------------------+
; Design Assistant Summary                                              ;
+-----------------------------------+-----------------------------------+
; Design Assistant Status           ; Failed - Wed Jul 05 16:06:44 2017 ;
; Revision Name                     ; PHYctrl_Slave                     ;
; Top-level Entity Name             ; PHYctrl_Slave_MAX10               ;
; Family                            ; MAX 10                            ;
; Total Critical Violations         ; 0                                 ;
; Total High Violations             ; 0                                 ;
; Total Medium Violations           ; 0                                 ;
; Total Information only Violations ; 0                                 ;
+-----------------------------------+-----------------------------------+


+---------------------------+
; Design Assistant Messages ;
+---------------------------+
Info: *******************************************************************
Info: Running Quartus Prime Design Assistant
    Info: Version 16.0.0 Build 211 04/27/2016 SJ Standard Edition
    Info: Processing started: Wed Jul 05 16:06:43 2017
Info: Command: quartus_drc --read_settings_files=on --write_settings_files=off PHYctrl_Slave -c PHYctrl_Slave
Warning (18236): Number of processors has not been specified which may cause overloading on shared machines.  Set the global assignment NUM_PARALLEL_PROCESSORS in your QSF to an appropriate value for best performance.
Error (12595): Design Assistant information: Design Assistant does not support current family.
Error: Quartus Prime Design Assistant was unsuccessful. 1 error, 1 warning
    Error: Peak virtual memory: 669 megabytes
    Error: Processing ended: Wed Jul 05 16:06:44 2017
    Error: Elapsed time: 00:00:01
    Error: Total CPU time (on all processors): 00:00:01


