Flow report for PHYctrl_Slave
Thu Jul 20 20:38:21 2017
Quartus Prime Version 16.0.0 Build 211 04/27/2016 SJ Standard Edition


---------------------
; Table of Contents ;
---------------------
  1. Legal Notice
  2. Flow Summary
  3. Flow Settings
  4. Flow Non-Default Global Settings
  5. Flow Elapsed Time
  6. Flow OS Summary
  7. Flow Log
  8. Flow Messages
  9. Flow Suppressed Messages



----------------
; Legal Notice ;
----------------
Copyright (C) 1991-2016 Altera Corporation. All rights reserved.
Your use of Altera Corporation's design tools, logic functions 
and other software and tools, and its AMPP partner logic 
functions, and any output files from any of the foregoing 
(including device programming or simulation files), and any 
associated documentation or information are expressly subject 
to the terms and conditions of the Altera Program License 
Subscription Agreement, the Altera Quartus Prime License Agreement,
the Altera MegaCore Function License Agreement, or other 
applicable license agreement, including, without limitation, 
that your use is for the sole purpose of programming logic 
devices manufactured by Altera and sold by Altera or its 
authorized distributors.  Please refer to the applicable 
agreement for further details.



+--------------------------------------------------------------------------------------+
; Flow Summary                                                                         ;
+------------------------------------+-------------------------------------------------+
; Flow Status                        ; Successful - Thu Jul 20 20:38:21 2017           ;
; Quartus Prime Version              ; 16.0.0 Build 211 04/27/2016 SJ Standard Edition ;
; Revision Name                      ; PHYctrl_Slave                                   ;
; Top-level Entity Name              ; PHYctrl_Slave_MAX10                             ;
; Family                             ; MAX 10                                          ;
; Device                             ; 10M50DAF484C6GES                                ;
; Timing Models                      ; Preliminary                                     ;
; Total logic elements               ; 501 / 49,760 ( 1 % )                            ;
;     Total combinational functions  ; 454 / 49,760 ( < 1 % )                          ;
;     Dedicated logic registers      ; 278 / 49,760 ( < 1 % )                          ;
; Total registers                    ; 278                                             ;
; Total pins                         ; 46 / 360 ( 13 % )                               ;
; Total virtual pins                 ; 0                                               ;
; Total memory bits                  ; 0 / 1,677,312 ( 0 % )                           ;
; Embedded Multiplier 9-bit elements ; 4 / 288 ( 1 % )                                 ;
; Total PLLs                         ; 1 / 4 ( 25 % )                                  ;
; UFM blocks                         ; 0 / 1 ( 0 % )                                   ;
; ADC blocks                         ; 0 / 2 ( 0 % )                                   ;
+------------------------------------+-------------------------------------------------+


+-----------------------------------------+
; Flow Settings                           ;
+-------------------+---------------------+
; Option            ; Setting             ;
+-------------------+---------------------+
; Start date & time ; 07/20/2017 20:37:31 ;
; Main task         ; Compilation         ;
; Revision Name     ; PHYctrl_Slave       ;
+-------------------+---------------------+


+--------------------------------------------------------------------------------------------------------------------------------+
; Flow Non-Default Global Settings                                                                                               ;
+-------------------------------------+---------------------------------------+---------------+---------------------+------------+
; Assignment Name                     ; Value                                 ; Default Value ; Entity Name         ; Section Id ;
+-------------------------------------+---------------------------------------+---------------+---------------------+------------+
; COMPILER_SIGNATURE_ID               ; 132129494148777.150059745106956       ; --            ; --                  ; --         ;
; EDA_SIMULATION_TOOL                 ; ModelSim-Altera (Verilog)             ; <None>        ; --                  ; --         ;
; MAX_CORE_JUNCTION_TEMP              ; 85                                    ; --            ; --                  ; --         ;
; MIN_CORE_JUNCTION_TEMP              ; 0                                     ; --            ; --                  ; --         ;
; MISC_FILE                           ; pll_25to100MHz.ppf                    ; --            ; --                  ; --         ;
; PARTITION_COLOR                     ; 16764057                              ; --            ; PHYctrl_Slave_MAX10 ; Top        ;
; PARTITION_FITTER_PRESERVATION_LEVEL ; PLACEMENT_AND_ROUTING                 ; --            ; PHYctrl_Slave_MAX10 ; Top        ;
; PARTITION_NETLIST_TYPE              ; SOURCE                                ; --            ; PHYctrl_Slave_MAX10 ; Top        ;
; POWER_BOARD_THERMAL_MODEL           ; None (CONSERVATIVE)                   ; --            ; --                  ; --         ;
; POWER_PRESET_COOLING_SOLUTION       ; 23 MM HEAT SINK WITH 200 LFPM AIRFLOW ; --            ; --                  ; --         ;
; PROJECT_OUTPUT_DIRECTORY            ; output_files                          ; --            ; --                  ; --         ;
; TOP_LEVEL_ENTITY                    ; PHYctrl_Slave_MAX10                   ; PHYctrl_Slave ; --                  ; --         ;
+-------------------------------------+---------------------------------------+---------------+---------------------+------------+


+-------------------------------------------------------------------------------------------------------------------------------+
; Flow Elapsed Time                                                                                                             ;
+---------------------------+--------------+-------------------------+---------------------+------------------------------------+
; Module Name               ; Elapsed Time ; Average Processors Used ; Peak Virtual Memory ; Total CPU Time (on all processors) ;
+---------------------------+--------------+-------------------------+---------------------+------------------------------------+
; Analysis & Synthesis      ; 00:00:20     ; 1.0                     ; 823 MB              ; 00:00:42                           ;
; Fitter                    ; 00:00:14     ; 1.0                     ; 1460 MB             ; 00:00:16                           ;
; Assembler                 ; 00:00:04     ; 1.0                     ; 748 MB              ; 00:00:04                           ;
; TimeQuest Timing Analyzer ; 00:00:04     ; 1.1                     ; 885 MB              ; 00:00:04                           ;
; EDA Netlist Writer        ; 00:00:02     ; 1.0                     ; 728 MB              ; 00:00:01                           ;
; Total                     ; 00:00:44     ; --                      ; --                  ; 00:01:07                           ;
+---------------------------+--------------+-------------------------+---------------------+------------------------------------+


+----------------------------------------------------------------------------------------+
; Flow OS Summary                                                                        ;
+---------------------------+------------------+-----------+------------+----------------+
; Module Name               ; Machine Hostname ; OS Name   ; OS Version ; Processor type ;
+---------------------------+------------------+-----------+------------+----------------+
; Analysis & Synthesis      ; WATERBEARER      ; Windows 7 ; 6.1        ; x86_64         ;
; Fitter                    ; WATERBEARER      ; Windows 7 ; 6.1        ; x86_64         ;
; Assembler                 ; WATERBEARER      ; Windows 7 ; 6.1        ; x86_64         ;
; TimeQuest Timing Analyzer ; WATERBEARER      ; Windows 7 ; 6.1        ; x86_64         ;
; EDA Netlist Writer        ; WATERBEARER      ; Windows 7 ; 6.1        ; x86_64         ;
+---------------------------+------------------+-----------+------------+----------------+


------------
; Flow Log ;
------------
quartus_map --read_settings_files=on --write_settings_files=off PHYctrl_Slave -c PHYctrl_Slave
quartus_fit --read_settings_files=off --write_settings_files=off PHYctrl_Slave -c PHYctrl_Slave
quartus_asm --read_settings_files=off --write_settings_files=off PHYctrl_Slave -c PHYctrl_Slave
quartus_sta PHYctrl_Slave -c PHYctrl_Slave
quartus_eda --read_settings_files=off --write_settings_files=off PHYctrl_Slave -c PHYctrl_Slave



